#
# A fatal error has been detected by the Java Runtime Environment:
#
#  EXCEPTION_ACCESS_VIOLATION (0xc0000005) at pc=0x0000000180005156, pid=24152, tid=21844
#
# JRE version: OpenJDK Runtime Environment (11.0.4+10) (build 11.0.4+10-b304.69)
# Java VM: OpenJDK 64-Bit Server VM (11.0.4+10-b304.69, mixed mode, sharing, tiered, compressed oops, g1 gc, windows-amd64)
# Problematic frame:
# C  [rxtxSerial.dll+0x5156]
#
# No core dump will be written. Minidumps are not enabled by default on client versions of Windows
#
# If you would like to submit a bug report, please visit:
#   http://bugreport.java.com/bugreport/crash.jsp
# The crash happened outside the Java Virtual Machine in native code.
# See problematic frame for where to report the bug.
#

---------------  S U M M A R Y ------------

Command Line: -Djava.library.path=lib\rxtx-2.2pre2-bins\win64 -javaagent:C:\Program Files\JetBrains\IntelliJ IDEA Community Edition 2019.2.3\lib\idea_rt.jar=55617:C:\Program Files\JetBrains\IntelliJ IDEA Community Edition 2019.2.3\bin -Dfile.encoding=UTF-8 MainWindow

Host: Intel(R) Core(TM) i5-8250U CPU @ 1.60GHz, 8 cores, 15G,  Windows 10 , 64 bit Build 17763 (10.0.17763.475)
Time: Sat Oct  5 17:05:14 2019 ¢¥eCN©öI¡¾©ö C¡ÍA¨ª¨öA elapsed time: 5 seconds (0d 0h 0m 5s)

---------------  T H R E A D  ---------------

Current thread (0x0000026182dc2000):  JavaThread "Thread-0" [_thread_in_native, id=21844, stack(0x000000986a200000,0x000000986a300000)]

Stack: [0x000000986a200000,0x000000986a300000],  sp=0x000000986a2fe6d0,  free space=1017k
Native frames: (J=compiled Java code, j=interpreted, Vv=VM code, C=native code)
C  [rxtxSerial.dll+0x5156]

Java frames: (J=compiled Java code, j=interpreted, Vv=VM code)
j  gnu.io.RXTXPort.readByte()I+0
j  gnu.io.RXTXPort$SerialInputStream.read()I+81
j  SerialReader.serialEvent(Lgnu/io/SerialPortEvent;)V+12
j  gnu.io.RXTXPort.sendEvent(IZ)Z+382
v  ~StubRoutines::call_stub
j  gnu.io.RXTXPort.eventLoop()V+0
j  gnu.io.RXTXPort$MonitorThread.run()V+12
v  ~StubRoutines::call_stub

siginfo: EXCEPTION_ACCESS_VIOLATION (0xc0000005), reading address 0x000000006a2ff018


Register to memory mapping:

RIP=0x0000000180005156 rxtxSerial.dll
RAX=0x000000006a2ff010 is an unknown value
RBX=0x0000000000000001 is an unknown value
RCX=0x000000018001d4d5 rxtxSerial.dll
RDX=0xfffffffffffff665 is an unknown value
RSP=0x000000986a2fe6d0 is pointing into the stack for thread: 0x0000026182dc2000
RBP=0x0000026182dc2340 points into unknown readable memory: e0 ec 67 b1 f8 7f 00 00
RSI=0x0 is NULL
RDI=0x0 is NULL
R8 =0x0000000000000002 is an unknown value
R9 =0xfffffffffffff63c is an unknown value
R10=0x000000000000011c is an unknown value
R11=0x8101010101010100 is an unknown value
R12=0x000000006a2ff010 is an unknown value
R13=0x00000261826839b0 is pointing into metadata
R14=0x000000986a2fe820 is pointing into the stack for thread: 0x0000026182dc2000
R15=0x00000000ffffffff is an unknown value


Registers:
RAX=0x000000006a2ff010, RBX=0x0000000000000001, RCX=0x000000018001d4d5, RDX=0xfffffffffffff665
RSP=0x000000986a2fe6d0, RBP=0x0000026182dc2340, RSI=0x0000000000000000, RDI=0x0000000000000000
R8 =0x0000000000000002, R9 =0xfffffffffffff63c, R10=0x000000000000011c, R11=0x8101010101010100
R12=0x000000006a2ff010, R13=0x00000261826839b0, R14=0x000000986a2fe820, R15=0x00000000ffffffff
RIP=0x0000000180005156, EFLAGS=0x0000000000010206

Top of Stack: (sp=0x000000986a2fe6d0)
0x000000986a2fe6d0:   000000986a2fe820 0000026182dc2340
0x000000986a2fe6e0:   0000000000000000 0000000000000000
0x000000986a2fe6f0:   0000000083244c10 0000026100000001
0x000000986a2fe700:   00000261826839b8 0000026183244c10
0x000000986a2fe710:   000000986a2fec58 00007ff8b106a9db
0x000000986a2fe720:   0000026182dc2000 00007ff8b0e77fb7
0x000000986a2fe730:   0000026182dc2000 0000000000000000
0x000000986a2fe740:   00007b77fbfa0413 0000026182dc2000
0x000000986a2fe750:   0000026182dc2000 000000986a2fe820
0x000000986a2fe760:   00000261826839b0 0000000000000000
0x000000986a2fe770:   0000000000000150 0000000000000000
0x000000986a2fe780:   000000986a2fe800 00000261e607f0f7
0x000000986a2fe790:   00000261826839b8 000000986a2fe800
0x000000986a2fe7a0:   00000261826839b8 0000000000000000
0x000000986a2fe7b0:   00000261e607ed96 000000986a2fe7b8
0x000000986a2fe7c0:   00000261826839b0 000000986a2fe820 

Instructions: (pc=0x0000000180005156)
0x0000000180005056:   48 8b 03 48 8b cb ff 90 80 00 00 00 4c 8b 1b 48
0x0000000180005066:   8b cb 41 ff 93 88 00 00 00 eb 3d 4c 8d 0d f0 7a
0x0000000180005076:   01 00 48 8d 15 81 84 01 00 48 8d 4c 24 60 4c 8b
0x0000000180005086:   c6 e8 b0 51 00 00 4c 8b 1b 4c 8d 44 24 60 48 8b
0x0000000180005096:   d7 48 8b cb 41 ff 53 70 4c 8b 1b 48 8b d7 48 8b
0x00000001800050a6:   cb 41 ff 93 b8 00 00 00 48 8b 8c 24 a0 00 00 00
0x00000001800050b6:   48 33 cc e8 d2 4f 00 00 48 81 c4 b8 00 00 00 5f
0x00000001800050c6:   5e 5d 5b c3 cc cc cc cc cc cc 48 89 5c 24 18 55
0x00000001800050d6:   56 57 41 54 41 55 41 56 41 57 48 81 ec 80 00 00
0x00000001800050e6:   00 48 8b 05 0a 90 01 00 48 33 c4 48 89 44 24 70
0x00000001800050f6:   4c 8d 0d 97 7a 01 00 4c 8d 05 94 7a 01 00 48 8b
0x0000000180005106:   da 48 8b e9 e8 01 e7 ff ff 4c 8d 0d 86 7a 01 00
0x0000000180005116:   4c 8d 05 83 7a 01 00 48 8b d3 48 8b cd 89 44 24
0x0000000180005126:   28 e8 e4 e6 ff ff 33 ff 4c 8d 0d b7 79 01 00 4c
0x0000000180005136:   8d 05 d4 79 01 00 48 8b d3 48 8b cd 44 8b f8 89
0x0000000180005146:   7c 24 24 8b f7 e8 c0 e6 ff ff 8d 5f 01 4c 63 e0
0x0000000180005156:   45 8b 74 24 08 41 89 7c 24 08 45 85 ff 78 0b ff
0x0000000180005166:   15 95 1e 01 00 89 44 24 24 90 8b ce ff c6 83 f9
0x0000000180005176:   14 7d 47 45 85 ff 78 0f ff 15 7c 1e 01 00 2b 44
0x0000000180005186:   24 24 41 3b c7 7d 33 8b 4c 24 28 48 63 c7 44 8b
0x0000000180005196:   c3 48 8d 54 04 20 e8 5f 25 00 00 85 c0 0f 88 93
0x00000001800051a6:   00 00 00 74 06 03 f8 2b d8 eb 0a b9 e8 03 00 00
0x00000001800051b6:   e8 55 0f 00 00 83 ff 01 7c b0 45 89 74 24 08 85
0x00000001800051c6:   ff 0f 89 cc 00 00 00 e8 aa 55 00 00 8b 08 e8 bf
0x00000001800051d6:   54 00 00 4c 8b 45 00 48 8d 15 d4 79 01 00 48 8b
0x00000001800051e6:   cd 48 8b f8 41 ff 50 30 48 8b d8 48 85 c0 75 5f
0x00000001800051f6:   48 8b 45 00 48 8b cd ff 90 80 00 00 00 4c 8b 5d
0x0000000180005206:   00 48 8b cd 41 ff 93 88 00 00 00 83 c8 ff 48 8b
0x0000000180005216:   4c 24 70 48 33 cc e8 6f 4e 00 00 48 8b 9c 24 d0
0x0000000180005226:   00 00 00 48 81 c4 80 00 00 00 41 5f 41 5e 41 5d
0x0000000180005236:   41 5c 5f 5e 5d c3 e8 3b 55 00 00 83 38 04 74 05
0x0000000180005246:   e8 31 55 00 00 45 89 74 24 08 e9 78 ff ff ff 4c 


Stack slot to memory mapping:
stack at sp + 0 slots: 0x000000986a2fe820 is pointing into the stack for thread: 0x0000026182dc2000
stack at sp + 1 slots: 0x0000026182dc2340 points into unknown readable memory: e0 ec 67 b1 f8 7f 00 00
stack at sp + 2 slots: 0x0 is NULL
stack at sp + 3 slots: 0x0 is NULL
stack at sp + 4 slots: 0x0000000083244c10 is an unknown value
stack at sp + 5 slots: 0x0000026100000001 is an unknown value
stack at sp + 6 slots: {method} {0x00000261826839c0} 'readByte' '()I' in 'gnu/io/RXTXPort'
stack at sp + 7 slots: 0x0000026183244c10 points into unknown readable memory: 04 00 00 00 1e 00 00 00


---------------  P R O C E S S  ---------------

Threads class SMR info:
_java_thread_list=0x0000026183245450, length=18, elements={
0x00000261ffcc0800, 0x00000261ffcc2000, 0x00000261ffce5000, 0x00000261ffce6000,
0x00000261ffce8000, 0x00000261ffcee800, 0x00000261ffcf9000, 0x00000261ffca7800,
0x0000026182a90000, 0x0000026182a91000, 0x0000026182cf4800, 0x0000026182cfd800,
0x0000026182d00800, 0x000002618300e000, 0x0000026182dc8800, 0x00000261e214c800,
0x000002618322b800, 0x0000026182dc2000
}

Java Threads: ( => current thread )
  0x00000261ffcc0800 JavaThread "Reference Handler" daemon [_thread_blocked, id=35180, stack(0x0000009869200000,0x0000009869300000)]
  0x00000261ffcc2000 JavaThread "Finalizer" daemon [_thread_blocked, id=22904, stack(0x0000009869300000,0x0000009869400000)]
  0x00000261ffce5000 JavaThread "Signal Dispatcher" daemon [_thread_blocked, id=26836, stack(0x0000009869400000,0x0000009869500000)]
  0x00000261ffce6000 JavaThread "Attach Listener" daemon [_thread_blocked, id=28592, stack(0x0000009869500000,0x0000009869600000)]
  0x00000261ffce8000 JavaThread "C2 CompilerThread0" daemon [_thread_blocked, id=9752, stack(0x0000009869600000,0x0000009869700000)]
  0x00000261ffcee800 JavaThread "C1 CompilerThread0" daemon [_thread_blocked, id=9596, stack(0x0000009869700000,0x0000009869800000)]
  0x00000261ffcf9000 JavaThread "Sweeper thread" daemon [_thread_blocked, id=23856, stack(0x0000009869800000,0x0000009869900000)]
  0x00000261ffca7800 JavaThread "Common-Cleaner" daemon [_thread_blocked, id=28032, stack(0x0000009869900000,0x0000009869a00000)]
  0x0000026182a90000 JavaThread "Monitor Ctrl-Break" daemon [_thread_in_native, id=35508, stack(0x0000009869b00000,0x0000009869c00000)]
  0x0000026182a91000 JavaThread "Service Thread" daemon [_thread_blocked, id=24600, stack(0x0000009869c00000,0x0000009869d00000)]
  0x0000026182cf4800 JavaThread "Java2D Disposer" daemon [_thread_blocked, id=35820, stack(0x0000009869e00000,0x0000009869f00000)]
  0x0000026182cfd800 JavaThread "AWT-Shutdown" [_thread_blocked, id=35132, stack(0x0000009869f00000,0x000000986a000000)]
  0x0000026182d00800 JavaThread "AWT-Windows" daemon [_thread_in_native, id=33360, stack(0x000000986a000000,0x000000986a100000)]
  0x000002618300e000 JavaThread "AWT-EventQueue-0" [_thread_blocked, id=34908, stack(0x000000986a100000,0x000000986a200000)]
  0x0000026182dc8800 JavaThread "Swing-Shell" daemon [_thread_blocked, id=25172, stack(0x000000986a300000,0x000000986a400000)]
  0x00000261e214c800 JavaThread "DestroyJavaVM" [_thread_blocked, id=29948, stack(0x0000009868b00000,0x0000009868c00000)]
  0x000002618322b800 JavaThread "TimerQueue" daemon [_thread_blocked, id=18704, stack(0x000000986a900000,0x000000986aa00000)]
=>0x0000026182dc2000 JavaThread "Thread-0" [_thread_in_native, id=21844, stack(0x000000986a200000,0x000000986a300000)]

Other Threads:
  0x00000261ffcbd800 VMThread "VM Thread" [stack: 0x0000009869100000,0x0000009869200000] [id=24772]
  0x0000026182a9b000 WatcherThread [stack: 0x0000009869d00000,0x0000009869e00000] [id=22004]
  0x00000261e2161800 GCTaskThread "GC Thread#0" [stack: 0x0000009868c00000,0x0000009868d00000] [id=28112]
  0x00000261e21c0000 ConcurrentGCThread "G1 Main Marker" [stack: 0x0000009868d00000,0x0000009868e00000] [id=24048]
  0x00000261e21c4000 ConcurrentGCThread "G1 Conc#0" [stack: 0x0000009868e00000,0x0000009868f00000] [id=23572]
  0x00000261ffbcb800 ConcurrentGCThread "G1 Refine#0" [stack: 0x0000009868f00000,0x0000009869000000] [id=26760]
  0x00000261ffbcc000 ConcurrentGCThread "G1 Young RemSet Sampling" [stack: 0x0000009869000000,0x0000009869100000] [id=27280]

Threads with active compile tasks:

VM state:not at safepoint (normal execution)

VM Mutex/Monitor currently owned by a thread: None

Heap address: 0x0000000702800000, size: 4056 MB, Compressed Oops mode: Zero based, Oop shift amount: 3
Narrow klass base: 0x0000000800000000, Narrow klass shift: 3
Compressed class space size: 1073741824 Address: 0x0000000840000000

Heap:
 garbage-first heap   total 260096K, used 22528K [0x0000000702800000, 0x0000000800000000)
  region size 1024K, 18 young (18432K), 0 survivors (0K)
 Metaspace       used 12189K, capacity 12645K, committed 12800K, reserved 1060864K
  class space    used 1543K, capacity 1759K, committed 1792K, reserved 1048576K
Heap Regions: E=young(eden), S=young(survivor), O=old, HS=humongous(starts), HC=humongous(continues), CS=collection set, F=free, A=archive, TAMS=top-at-mark-start (previous, next)
|   0|0x0000000702800000, 0x0000000702900000, 0x0000000702900000|100%|HS|  |TAMS 0x0000000702800000, 0x0000000702800000| Complete 
|   1|0x0000000702900000, 0x0000000702a00000, 0x0000000702a00000|100%|HC|  |TAMS 0x0000000702900000, 0x0000000702900000| Complete 
|   2|0x0000000702a00000, 0x0000000702b00000, 0x0000000702b00000|100%|HS|  |TAMS 0x0000000702a00000, 0x0000000702a00000| Complete 
|   3|0x0000000702b00000, 0x0000000702c00000, 0x0000000702c00000|100%|HS|  |TAMS 0x0000000702b00000, 0x0000000702b00000| Complete 
|   4|0x0000000702c00000, 0x0000000702d00000, 0x0000000702d00000|100%|HC|  |TAMS 0x0000000702c00000, 0x0000000702c00000| Complete 
|   5|0x0000000702d00000, 0x0000000702e00000, 0x0000000702e00000|100%|HC|  |TAMS 0x0000000702d00000, 0x0000000702d00000| Complete 
|   6|0x0000000702e00000, 0x0000000702e00000, 0x0000000702f00000|  0%| F|  |TAMS 0x0000000702e00000, 0x0000000702e00000| Untracked 
|   7|0x0000000702f00000, 0x0000000702f00000, 0x0000000703000000|  0%| F|  |TAMS 0x0000000702f00000, 0x0000000702f00000| Untracked 
|   8|0x0000000703000000, 0x0000000703000000, 0x0000000703100000|  0%| F|  |TAMS 0x0000000703000000, 0x0000000703000000| Untracked 
|   9|0x0000000703100000, 0x0000000703100000, 0x0000000703200000|  0%| F|  |TAMS 0x0000000703100000, 0x0000000703100000| Untracked 
|  10|0x0000000703200000, 0x0000000703200000, 0x0000000703300000|  0%| F|  |TAMS 0x0000000703200000, 0x0000000703200000| Untracked 
|  11|0x0000000703300000, 0x0000000703300000, 0x0000000703400000|  0%| F|  |TAMS 0x0000000703300000, 0x0000000703300000| Untracked 
|  12|0x0000000703400000, 0x0000000703400000, 0x0000000703500000|  0%| F|  |TAMS 0x0000000703400000, 0x0000000703400000| Untracked 
|  13|0x0000000703500000, 0x0000000703500000, 0x0000000703600000|  0%| F|  |TAMS 0x0000000703500000, 0x0000000703500000| Untracked 
|  14|0x0000000703600000, 0x0000000703600000, 0x0000000703700000|  0%| F|  |TAMS 0x0000000703600000, 0x0000000703600000| Untracked 
|  15|0x0000000703700000, 0x0000000703700000, 0x0000000703800000|  0%| F|  |TAMS 0x0000000703700000, 0x0000000703700000| Untracked 
|  16|0x0000000703800000, 0x0000000703800000, 0x0000000703900000|  0%| F|  |TAMS 0x0000000703800000, 0x0000000703800000| Untracked 
|  17|0x0000000703900000, 0x0000000703900000, 0x0000000703a00000|  0%| F|  |TAMS 0x0000000703900000, 0x0000000703900000| Untracked 
|  18|0x0000000703a00000, 0x0000000703a00000, 0x0000000703b00000|  0%| F|  |TAMS 0x0000000703a00000, 0x0000000703a00000| Untracked 
|  19|0x0000000703b00000, 0x0000000703b00000, 0x0000000703c00000|  0%| F|  |TAMS 0x0000000703b00000, 0x0000000703b00000| Untracked 
|  20|0x0000000703c00000, 0x0000000703c00000, 0x0000000703d00000|  0%| F|  |TAMS 0x0000000703c00000, 0x0000000703c00000| Untracked 
|  21|0x0000000703d00000, 0x0000000703d00000, 0x0000000703e00000|  0%| F|  |TAMS 0x0000000703d00000, 0x0000000703d00000| Untracked 
|  22|0x0000000703e00000, 0x0000000703e00000, 0x0000000703f00000|  0%| F|  |TAMS 0x0000000703e00000, 0x0000000703e00000| Untracked 
|  23|0x0000000703f00000, 0x0000000703f00000, 0x0000000704000000|  0%| F|  |TAMS 0x0000000703f00000, 0x0000000703f00000| Untracked 
|  24|0x0000000704000000, 0x0000000704000000, 0x0000000704100000|  0%| F|  |TAMS 0x0000000704000000, 0x0000000704000000| Untracked 
|  25|0x0000000704100000, 0x0000000704100000, 0x0000000704200000|  0%| F|  |TAMS 0x0000000704100000, 0x0000000704100000| Untracked 
|  26|0x0000000704200000, 0x0000000704200000, 0x0000000704300000|  0%| F|  |TAMS 0x0000000704200000, 0x0000000704200000| Untracked 
|  27|0x0000000704300000, 0x0000000704300000, 0x0000000704400000|  0%| F|  |TAMS 0x0000000704300000, 0x0000000704300000| Untracked 
|  28|0x0000000704400000, 0x0000000704400000, 0x0000000704500000|  0%| F|  |TAMS 0x0000000704400000, 0x0000000704400000| Untracked 
|  29|0x0000000704500000, 0x0000000704500000, 0x0000000704600000|  0%| F|  |TAMS 0x0000000704500000, 0x0000000704500000| Untracked 
|  30|0x0000000704600000, 0x0000000704600000, 0x0000000704700000|  0%| F|  |TAMS 0x0000000704600000, 0x0000000704600000| Untracked 
|  31|0x0000000704700000, 0x0000000704700000, 0x0000000704800000|  0%| F|  |TAMS 0x0000000704700000, 0x0000000704700000| Untracked 
|  32|0x0000000704800000, 0x0000000704800000, 0x0000000704900000|  0%| F|  |TAMS 0x0000000704800000, 0x0000000704800000| Untracked 
|  33|0x0000000704900000, 0x0000000704900000, 0x0000000704a00000|  0%| F|  |TAMS 0x0000000704900000, 0x0000000704900000| Untracked 
|  34|0x0000000704a00000, 0x0000000704a00000, 0x0000000704b00000|  0%| F|  |TAMS 0x0000000704a00000, 0x0000000704a00000| Untracked 
|  35|0x0000000704b00000, 0x0000000704b00000, 0x0000000704c00000|  0%| F|  |TAMS 0x0000000704b00000, 0x0000000704b00000| Untracked 
|  36|0x0000000704c00000, 0x0000000704c00000, 0x0000000704d00000|  0%| F|  |TAMS 0x0000000704c00000, 0x0000000704c00000| Untracked 
|  37|0x0000000704d00000, 0x0000000704d00000, 0x0000000704e00000|  0%| F|  |TAMS 0x0000000704d00000, 0x0000000704d00000| Untracked 
|  38|0x0000000704e00000, 0x0000000704e00000, 0x0000000704f00000|  0%| F|  |TAMS 0x0000000704e00000, 0x0000000704e00000| Untracked 
|  39|0x0000000704f00000, 0x0000000704f00000, 0x0000000705000000|  0%| F|  |TAMS 0x0000000704f00000, 0x0000000704f00000| Untracked 
|  40|0x0000000705000000, 0x0000000705000000, 0x0000000705100000|  0%| F|  |TAMS 0x0000000705000000, 0x0000000705000000| Untracked 
|  41|0x0000000705100000, 0x0000000705100000, 0x0000000705200000|  0%| F|  |TAMS 0x0000000705100000, 0x0000000705100000| Untracked 
|  42|0x0000000705200000, 0x0000000705200000, 0x0000000705300000|  0%| F|  |TAMS 0x0000000705200000, 0x0000000705200000| Untracked 
|  43|0x0000000705300000, 0x0000000705300000, 0x0000000705400000|  0%| F|  |TAMS 0x0000000705300000, 0x0000000705300000| Untracked 
|  44|0x0000000705400000, 0x0000000705400000, 0x0000000705500000|  0%| F|  |TAMS 0x0000000705400000, 0x0000000705400000| Untracked 
|  45|0x0000000705500000, 0x0000000705500000, 0x0000000705600000|  0%| F|  |TAMS 0x0000000705500000, 0x0000000705500000| Untracked 
|  46|0x0000000705600000, 0x0000000705600000, 0x0000000705700000|  0%| F|  |TAMS 0x0000000705600000, 0x0000000705600000| Untracked 
|  47|0x0000000705700000, 0x0000000705700000, 0x0000000705800000|  0%| F|  |TAMS 0x0000000705700000, 0x0000000705700000| Untracked 
|  48|0x0000000705800000, 0x0000000705800000, 0x0000000705900000|  0%| F|  |TAMS 0x0000000705800000, 0x0000000705800000| Untracked 
|  49|0x0000000705900000, 0x0000000705900000, 0x0000000705a00000|  0%| F|  |TAMS 0x0000000705900000, 0x0000000705900000| Untracked 
|  50|0x0000000705a00000, 0x0000000705a00000, 0x0000000705b00000|  0%| F|  |TAMS 0x0000000705a00000, 0x0000000705a00000| Untracked 
|  51|0x0000000705b00000, 0x0000000705b00000, 0x0000000705c00000|  0%| F|  |TAMS 0x0000000705b00000, 0x0000000705b00000| Untracked 
|  52|0x0000000705c00000, 0x0000000705c00000, 0x0000000705d00000|  0%| F|  |TAMS 0x0000000705c00000, 0x0000000705c00000| Untracked 
|  53|0x0000000705d00000, 0x0000000705d00000, 0x0000000705e00000|  0%| F|  |TAMS 0x0000000705d00000, 0x0000000705d00000| Untracked 
|  54|0x0000000705e00000, 0x0000000705e00000, 0x0000000705f00000|  0%| F|  |TAMS 0x0000000705e00000, 0x0000000705e00000| Untracked 
|  55|0x0000000705f00000, 0x0000000705f00000, 0x0000000706000000|  0%| F|  |TAMS 0x0000000705f00000, 0x0000000705f00000| Untracked 
|  56|0x0000000706000000, 0x0000000706000000, 0x0000000706100000|  0%| F|  |TAMS 0x0000000706000000, 0x0000000706000000| Untracked 
|  57|0x0000000706100000, 0x0000000706100000, 0x0000000706200000|  0%| F|  |TAMS 0x0000000706100000, 0x0000000706100000| Untracked 
|  58|0x0000000706200000, 0x0000000706200000, 0x0000000706300000|  0%| F|  |TAMS 0x0000000706200000, 0x0000000706200000| Untracked 
|  59|0x0000000706300000, 0x0000000706300000, 0x0000000706400000|  0%| F|  |TAMS 0x0000000706300000, 0x0000000706300000| Untracked 
|  60|0x0000000706400000, 0x0000000706400000, 0x0000000706500000|  0%| F|  |TAMS 0x0000000706400000, 0x0000000706400000| Untracked 
|  61|0x0000000706500000, 0x0000000706500000, 0x0000000706600000|  0%| F|  |TAMS 0x0000000706500000, 0x0000000706500000| Untracked 
|  62|0x0000000706600000, 0x0000000706600000, 0x0000000706700000|  0%| F|  |TAMS 0x0000000706600000, 0x0000000706600000| Untracked 
|  63|0x0000000706700000, 0x0000000706700000, 0x0000000706800000|  0%| F|  |TAMS 0x0000000706700000, 0x0000000706700000| Untracked 
|  64|0x0000000706800000, 0x0000000706800000, 0x0000000706900000|  0%| F|  |TAMS 0x0000000706800000, 0x0000000706800000| Untracked 
|  65|0x0000000706900000, 0x0000000706900000, 0x0000000706a00000|  0%| F|  |TAMS 0x0000000706900000, 0x0000000706900000| Untracked 
|  66|0x0000000706a00000, 0x0000000706a00000, 0x0000000706b00000|  0%| F|  |TAMS 0x0000000706a00000, 0x0000000706a00000| Untracked 
|  67|0x0000000706b00000, 0x0000000706b00000, 0x0000000706c00000|  0%| F|  |TAMS 0x0000000706b00000, 0x0000000706b00000| Untracked 
|  68|0x0000000706c00000, 0x0000000706c00000, 0x0000000706d00000|  0%| F|  |TAMS 0x0000000706c00000, 0x0000000706c00000| Untracked 
|  69|0x0000000706d00000, 0x0000000706d00000, 0x0000000706e00000|  0%| F|  |TAMS 0x0000000706d00000, 0x0000000706d00000| Untracked 
|  70|0x0000000706e00000, 0x0000000706e00000, 0x0000000706f00000|  0%| F|  |TAMS 0x0000000706e00000, 0x0000000706e00000| Untracked 
|  71|0x0000000706f00000, 0x0000000706f00000, 0x0000000707000000|  0%| F|  |TAMS 0x0000000706f00000, 0x0000000706f00000| Untracked 
|  72|0x0000000707000000, 0x0000000707000000, 0x0000000707100000|  0%| F|  |TAMS 0x0000000707000000, 0x0000000707000000| Untracked 
|  73|0x0000000707100000, 0x0000000707100000, 0x0000000707200000|  0%| F|  |TAMS 0x0000000707100000, 0x0000000707100000| Untracked 
|  74|0x0000000707200000, 0x0000000707200000, 0x0000000707300000|  0%| F|  |TAMS 0x0000000707200000, 0x0000000707200000| Untracked 
|  75|0x0000000707300000, 0x0000000707300000, 0x0000000707400000|  0%| F|  |TAMS 0x0000000707300000, 0x0000000707300000| Untracked 
|  76|0x0000000707400000, 0x0000000707400000, 0x0000000707500000|  0%| F|  |TAMS 0x0000000707400000, 0x0000000707400000| Untracked 
|  77|0x0000000707500000, 0x0000000707500000, 0x0000000707600000|  0%| F|  |TAMS 0x0000000707500000, 0x0000000707500000| Untracked 
|  78|0x0000000707600000, 0x0000000707600000, 0x0000000707700000|  0%| F|  |TAMS 0x0000000707600000, 0x0000000707600000| Untracked 
|  79|0x0000000707700000, 0x0000000707700000, 0x0000000707800000|  0%| F|  |TAMS 0x0000000707700000, 0x0000000707700000| Untracked 
|  80|0x0000000707800000, 0x0000000707800000, 0x0000000707900000|  0%| F|  |TAMS 0x0000000707800000, 0x0000000707800000| Untracked 
|  81|0x0000000707900000, 0x0000000707900000, 0x0000000707a00000|  0%| F|  |TAMS 0x0000000707900000, 0x0000000707900000| Untracked 
|  82|0x0000000707a00000, 0x0000000707a00000, 0x0000000707b00000|  0%| F|  |TAMS 0x0000000707a00000, 0x0000000707a00000| Untracked 
|  83|0x0000000707b00000, 0x0000000707b00000, 0x0000000707c00000|  0%| F|  |TAMS 0x0000000707b00000, 0x0000000707b00000| Untracked 
|  84|0x0000000707c00000, 0x0000000707c00000, 0x0000000707d00000|  0%| F|  |TAMS 0x0000000707c00000, 0x0000000707c00000| Untracked 
|  85|0x0000000707d00000, 0x0000000707d00000, 0x0000000707e00000|  0%| F|  |TAMS 0x0000000707d00000, 0x0000000707d00000| Untracked 
|  86|0x0000000707e00000, 0x0000000707e00000, 0x0000000707f00000|  0%| F|  |TAMS 0x0000000707e00000, 0x0000000707e00000| Untracked 
|  87|0x0000000707f00000, 0x0000000707f00000, 0x0000000708000000|  0%| F|  |TAMS 0x0000000707f00000, 0x0000000707f00000| Untracked 
|  88|0x0000000708000000, 0x0000000708000000, 0x0000000708100000|  0%| F|  |TAMS 0x0000000708000000, 0x0000000708000000| Untracked 
|  89|0x0000000708100000, 0x0000000708100000, 0x0000000708200000|  0%| F|  |TAMS 0x0000000708100000, 0x0000000708100000| Untracked 
|  90|0x0000000708200000, 0x0000000708200000, 0x0000000708300000|  0%| F|  |TAMS 0x0000000708200000, 0x0000000708200000| Untracked 
|  91|0x0000000708300000, 0x0000000708300000, 0x0000000708400000|  0%| F|  |TAMS 0x0000000708300000, 0x0000000708300000| Untracked 
|  92|0x0000000708400000, 0x0000000708400000, 0x0000000708500000|  0%| F|  |TAMS 0x0000000708400000, 0x0000000708400000| Untracked 
|  93|0x0000000708500000, 0x0000000708500000, 0x0000000708600000|  0%| F|  |TAMS 0x0000000708500000, 0x0000000708500000| Untracked 
|  94|0x0000000708600000, 0x0000000708600000, 0x0000000708700000|  0%| F|  |TAMS 0x0000000708600000, 0x0000000708600000| Untracked 
|  95|0x0000000708700000, 0x0000000708700000, 0x0000000708800000|  0%| F|  |TAMS 0x0000000708700000, 0x0000000708700000| Untracked 
|  96|0x0000000708800000, 0x0000000708800000, 0x0000000708900000|  0%| F|  |TAMS 0x0000000708800000, 0x0000000708800000| Untracked 
|  97|0x0000000708900000, 0x0000000708900000, 0x0000000708a00000|  0%| F|  |TAMS 0x0000000708900000, 0x0000000708900000| Untracked 
|  98|0x0000000708a00000, 0x0000000708a00000, 0x0000000708b00000|  0%| F|  |TAMS 0x0000000708a00000, 0x0000000708a00000| Untracked 
|  99|0x0000000708b00000, 0x0000000708b00000, 0x0000000708c00000|  0%| F|  |TAMS 0x0000000708b00000, 0x0000000708b00000| Untracked 
| 100|0x0000000708c00000, 0x0000000708c00000, 0x0000000708d00000|  0%| F|  |TAMS 0x0000000708c00000, 0x0000000708c00000| Untracked 
| 101|0x0000000708d00000, 0x0000000708d00000, 0x0000000708e00000|  0%| F|  |TAMS 0x0000000708d00000, 0x0000000708d00000| Untracked 
| 102|0x0000000708e00000, 0x0000000708e00000, 0x0000000708f00000|  0%| F|  |TAMS 0x0000000708e00000, 0x0000000708e00000| Untracked 
| 103|0x0000000708f00000, 0x0000000708f00000, 0x0000000709000000|  0%| F|  |TAMS 0x0000000708f00000, 0x0000000708f00000| Untracked 
| 104|0x0000000709000000, 0x0000000709000000, 0x0000000709100000|  0%| F|  |TAMS 0x0000000709000000, 0x0000000709000000| Untracked 
| 105|0x0000000709100000, 0x0000000709100000, 0x0000000709200000|  0%| F|  |TAMS 0x0000000709100000, 0x0000000709100000| Untracked 
| 106|0x0000000709200000, 0x0000000709200000, 0x0000000709300000|  0%| F|  |TAMS 0x0000000709200000, 0x0000000709200000| Untracked 
| 107|0x0000000709300000, 0x0000000709300000, 0x0000000709400000|  0%| F|  |TAMS 0x0000000709300000, 0x0000000709300000| Untracked 
| 108|0x0000000709400000, 0x0000000709400000, 0x0000000709500000|  0%| F|  |TAMS 0x0000000709400000, 0x0000000709400000| Untracked 
| 109|0x0000000709500000, 0x0000000709500000, 0x0000000709600000|  0%| F|  |TAMS 0x0000000709500000, 0x0000000709500000| Untracked 
| 110|0x0000000709600000, 0x0000000709600000, 0x0000000709700000|  0%| F|  |TAMS 0x0000000709600000, 0x0000000709600000| Untracked 
| 111|0x0000000709700000, 0x0000000709700000, 0x0000000709800000|  0%| F|  |TAMS 0x0000000709700000, 0x0000000709700000| Untracked 
| 112|0x0000000709800000, 0x0000000709800000, 0x0000000709900000|  0%| F|  |TAMS 0x0000000709800000, 0x0000000709800000| Untracked 
| 113|0x0000000709900000, 0x0000000709900000, 0x0000000709a00000|  0%| F|  |TAMS 0x0000000709900000, 0x0000000709900000| Untracked 
| 114|0x0000000709a00000, 0x0000000709a00000, 0x0000000709b00000|  0%| F|  |TAMS 0x0000000709a00000, 0x0000000709a00000| Untracked 
| 115|0x0000000709b00000, 0x0000000709b00000, 0x0000000709c00000|  0%| F|  |TAMS 0x0000000709b00000, 0x0000000709b00000| Untracked 
| 116|0x0000000709c00000, 0x0000000709c00000, 0x0000000709d00000|  0%| F|  |TAMS 0x0000000709c00000, 0x0000000709c00000| Untracked 
| 117|0x0000000709d00000, 0x0000000709d00000, 0x0000000709e00000|  0%| F|  |TAMS 0x0000000709d00000, 0x0000000709d00000| Untracked 
| 118|0x0000000709e00000, 0x0000000709e00000, 0x0000000709f00000|  0%| F|  |TAMS 0x0000000709e00000, 0x0000000709e00000| Untracked 
| 119|0x0000000709f00000, 0x0000000709f00000, 0x000000070a000000|  0%| F|  |TAMS 0x0000000709f00000, 0x0000000709f00000| Untracked 
| 120|0x000000070a000000, 0x000000070a000000, 0x000000070a100000|  0%| F|  |TAMS 0x000000070a000000, 0x000000070a000000| Untracked 
| 121|0x000000070a100000, 0x000000070a100000, 0x000000070a200000|  0%| F|  |TAMS 0x000000070a100000, 0x000000070a100000| Untracked 
| 122|0x000000070a200000, 0x000000070a200000, 0x000000070a300000|  0%| F|  |TAMS 0x000000070a200000, 0x000000070a200000| Untracked 
| 123|0x000000070a300000, 0x000000070a300000, 0x000000070a400000|  0%| F|  |TAMS 0x000000070a300000, 0x000000070a300000| Untracked 
| 124|0x000000070a400000, 0x000000070a400000, 0x000000070a500000|  0%| F|  |TAMS 0x000000070a400000, 0x000000070a400000| Untracked 
| 125|0x000000070a500000, 0x000000070a500000, 0x000000070a600000|  0%| F|  |TAMS 0x000000070a500000, 0x000000070a500000| Untracked 
| 126|0x000000070a600000, 0x000000070a600000, 0x000000070a700000|  0%| F|  |TAMS 0x000000070a600000, 0x000000070a600000| Untracked 
| 127|0x000000070a700000, 0x000000070a700000, 0x000000070a800000|  0%| F|  |TAMS 0x000000070a700000, 0x000000070a700000| Untracked 
| 128|0x000000070a800000, 0x000000070a800000, 0x000000070a900000|  0%| F|  |TAMS 0x000000070a800000, 0x000000070a800000| Untracked 
| 129|0x000000070a900000, 0x000000070a900000, 0x000000070aa00000|  0%| F|  |TAMS 0x000000070a900000, 0x000000070a900000| Untracked 
| 130|0x000000070aa00000, 0x000000070aa00000, 0x000000070ab00000|  0%| F|  |TAMS 0x000000070aa00000, 0x000000070aa00000| Untracked 
| 131|0x000000070ab00000, 0x000000070ab00000, 0x000000070ac00000|  0%| F|  |TAMS 0x000000070ab00000, 0x000000070ab00000| Untracked 
| 132|0x000000070ac00000, 0x000000070ac00000, 0x000000070ad00000|  0%| F|  |TAMS 0x000000070ac00000, 0x000000070ac00000| Untracked 
| 133|0x000000070ad00000, 0x000000070ad00000, 0x000000070ae00000|  0%| F|  |TAMS 0x000000070ad00000, 0x000000070ad00000| Untracked 
| 134|0x000000070ae00000, 0x000000070ae00000, 0x000000070af00000|  0%| F|  |TAMS 0x000000070ae00000, 0x000000070ae00000| Untracked 
| 135|0x000000070af00000, 0x000000070af00000, 0x000000070b000000|  0%| F|  |TAMS 0x000000070af00000, 0x000000070af00000| Untracked 
| 136|0x000000070b000000, 0x000000070b000000, 0x000000070b100000|  0%| F|  |TAMS 0x000000070b000000, 0x000000070b000000| Untracked 
| 137|0x000000070b100000, 0x000000070b100000, 0x000000070b200000|  0%| F|  |TAMS 0x000000070b100000, 0x000000070b100000| Untracked 
| 138|0x000000070b200000, 0x000000070b200000, 0x000000070b300000|  0%| F|  |TAMS 0x000000070b200000, 0x000000070b200000| Untracked 
| 139|0x000000070b300000, 0x000000070b300000, 0x000000070b400000|  0%| F|  |TAMS 0x000000070b300000, 0x000000070b300000| Untracked 
| 140|0x000000070b400000, 0x000000070b400000, 0x000000070b500000|  0%| F|  |TAMS 0x000000070b400000, 0x000000070b400000| Untracked 
| 141|0x000000070b500000, 0x000000070b500000, 0x000000070b600000|  0%| F|  |TAMS 0x000000070b500000, 0x000000070b500000| Untracked 
| 142|0x000000070b600000, 0x000000070b600000, 0x000000070b700000|  0%| F|  |TAMS 0x000000070b600000, 0x000000070b600000| Untracked 
| 143|0x000000070b700000, 0x000000070b700000, 0x000000070b800000|  0%| F|  |TAMS 0x000000070b700000, 0x000000070b700000| Untracked 
| 144|0x000000070b800000, 0x000000070b800000, 0x000000070b900000|  0%| F|  |TAMS 0x000000070b800000, 0x000000070b800000| Untracked 
| 145|0x000000070b900000, 0x000000070b900000, 0x000000070ba00000|  0%| F|  |TAMS 0x000000070b900000, 0x000000070b900000| Untracked 
| 146|0x000000070ba00000, 0x000000070ba00000, 0x000000070bb00000|  0%| F|  |TAMS 0x000000070ba00000, 0x000000070ba00000| Untracked 
| 147|0x000000070bb00000, 0x000000070bb00000, 0x000000070bc00000|  0%| F|  |TAMS 0x000000070bb00000, 0x000000070bb00000| Untracked 
| 148|0x000000070bc00000, 0x000000070bc00000, 0x000000070bd00000|  0%| F|  |TAMS 0x000000070bc00000, 0x000000070bc00000| Untracked 
| 149|0x000000070bd00000, 0x000000070bd00000, 0x000000070be00000|  0%| F|  |TAMS 0x000000070bd00000, 0x000000070bd00000| Untracked 
| 150|0x000000070be00000, 0x000000070be00000, 0x000000070bf00000|  0%| F|  |TAMS 0x000000070be00000, 0x000000070be00000| Untracked 
| 151|0x000000070bf00000, 0x000000070bf00000, 0x000000070c000000|  0%| F|  |TAMS 0x000000070bf00000, 0x000000070bf00000| Untracked 
| 152|0x000000070c000000, 0x000000070c000000, 0x000000070c100000|  0%| F|  |TAMS 0x000000070c000000, 0x000000070c000000| Untracked 
| 153|0x000000070c100000, 0x000000070c100000, 0x000000070c200000|  0%| F|  |TAMS 0x000000070c100000, 0x000000070c100000| Untracked 
| 154|0x000000070c200000, 0x000000070c200000, 0x000000070c300000|  0%| F|  |TAMS 0x000000070c200000, 0x000000070c200000| Untracked 
| 155|0x000000070c300000, 0x000000070c300000, 0x000000070c400000|  0%| F|  |TAMS 0x000000070c300000, 0x000000070c300000| Untracked 
| 156|0x000000070c400000, 0x000000070c400000, 0x000000070c500000|  0%| F|  |TAMS 0x000000070c400000, 0x000000070c400000| Untracked 
| 157|0x000000070c500000, 0x000000070c500000, 0x000000070c600000|  0%| F|  |TAMS 0x000000070c500000, 0x000000070c500000| Untracked 
| 158|0x000000070c600000, 0x000000070c600000, 0x000000070c700000|  0%| F|  |TAMS 0x000000070c600000, 0x000000070c600000| Untracked 
| 159|0x000000070c700000, 0x000000070c700000, 0x000000070c800000|  0%| F|  |TAMS 0x000000070c700000, 0x000000070c700000| Untracked 
| 160|0x000000070c800000, 0x000000070c800000, 0x000000070c900000|  0%| F|  |TAMS 0x000000070c800000, 0x000000070c800000| Untracked 
| 161|0x000000070c900000, 0x000000070c900000, 0x000000070ca00000|  0%| F|  |TAMS 0x000000070c900000, 0x000000070c900000| Untracked 
| 162|0x000000070ca00000, 0x000000070ca00000, 0x000000070cb00000|  0%| F|  |TAMS 0x000000070ca00000, 0x000000070ca00000| Untracked 
| 163|0x000000070cb00000, 0x000000070cb00000, 0x000000070cc00000|  0%| F|  |TAMS 0x000000070cb00000, 0x000000070cb00000| Untracked 
| 164|0x000000070cc00000, 0x000000070cc00000, 0x000000070cd00000|  0%| F|  |TAMS 0x000000070cc00000, 0x000000070cc00000| Untracked 
| 165|0x000000070cd00000, 0x000000070cd00000, 0x000000070ce00000|  0%| F|  |TAMS 0x000000070cd00000, 0x000000070cd00000| Untracked 
| 166|0x000000070ce00000, 0x000000070ce00000, 0x000000070cf00000|  0%| F|  |TAMS 0x000000070ce00000, 0x000000070ce00000| Untracked 
| 167|0x000000070cf00000, 0x000000070cf00000, 0x000000070d000000|  0%| F|  |TAMS 0x000000070cf00000, 0x000000070cf00000| Untracked 
| 168|0x000000070d000000, 0x000000070d000000, 0x000000070d100000|  0%| F|  |TAMS 0x000000070d000000, 0x000000070d000000| Untracked 
| 169|0x000000070d100000, 0x000000070d100000, 0x000000070d200000|  0%| F|  |TAMS 0x000000070d100000, 0x000000070d100000| Untracked 
| 170|0x000000070d200000, 0x000000070d200000, 0x000000070d300000|  0%| F|  |TAMS 0x000000070d200000, 0x000000070d200000| Untracked 
| 171|0x000000070d300000, 0x000000070d300000, 0x000000070d400000|  0%| F|  |TAMS 0x000000070d300000, 0x000000070d300000| Untracked 
| 172|0x000000070d400000, 0x000000070d400000, 0x000000070d500000|  0%| F|  |TAMS 0x000000070d400000, 0x000000070d400000| Untracked 
| 173|0x000000070d500000, 0x000000070d500000, 0x000000070d600000|  0%| F|  |TAMS 0x000000070d500000, 0x000000070d500000| Untracked 
| 174|0x000000070d600000, 0x000000070d600000, 0x000000070d700000|  0%| F|  |TAMS 0x000000070d600000, 0x000000070d600000| Untracked 
| 175|0x000000070d700000, 0x000000070d700000, 0x000000070d800000|  0%| F|  |TAMS 0x000000070d700000, 0x000000070d700000| Untracked 
| 176|0x000000070d800000, 0x000000070d800000, 0x000000070d900000|  0%| F|  |TAMS 0x000000070d800000, 0x000000070d800000| Untracked 
| 177|0x000000070d900000, 0x000000070d900000, 0x000000070da00000|  0%| F|  |TAMS 0x000000070d900000, 0x000000070d900000| Untracked 
| 178|0x000000070da00000, 0x000000070da00000, 0x000000070db00000|  0%| F|  |TAMS 0x000000070da00000, 0x000000070da00000| Untracked 
| 179|0x000000070db00000, 0x000000070db00000, 0x000000070dc00000|  0%| F|  |TAMS 0x000000070db00000, 0x000000070db00000| Untracked 
| 180|0x000000070dc00000, 0x000000070dc00000, 0x000000070dd00000|  0%| F|  |TAMS 0x000000070dc00000, 0x000000070dc00000| Untracked 
| 181|0x000000070dd00000, 0x000000070dd00000, 0x000000070de00000|  0%| F|  |TAMS 0x000000070dd00000, 0x000000070dd00000| Untracked 
| 182|0x000000070de00000, 0x000000070de00000, 0x000000070df00000|  0%| F|  |TAMS 0x000000070de00000, 0x000000070de00000| Untracked 
| 183|0x000000070df00000, 0x000000070df00000, 0x000000070e000000|  0%| F|  |TAMS 0x000000070df00000, 0x000000070df00000| Untracked 
| 184|0x000000070e000000, 0x000000070e000000, 0x000000070e100000|  0%| F|  |TAMS 0x000000070e000000, 0x000000070e000000| Untracked 
| 185|0x000000070e100000, 0x000000070e100000, 0x000000070e200000|  0%| F|  |TAMS 0x000000070e100000, 0x000000070e100000| Untracked 
| 186|0x000000070e200000, 0x000000070e200000, 0x000000070e300000|  0%| F|  |TAMS 0x000000070e200000, 0x000000070e200000| Untracked 
| 187|0x000000070e300000, 0x000000070e300000, 0x000000070e400000|  0%| F|  |TAMS 0x000000070e300000, 0x000000070e300000| Untracked 
| 188|0x000000070e400000, 0x000000070e400000, 0x000000070e500000|  0%| F|  |TAMS 0x000000070e400000, 0x000000070e400000| Untracked 
| 189|0x000000070e500000, 0x000000070e500000, 0x000000070e600000|  0%| F|  |TAMS 0x000000070e500000, 0x000000070e500000| Untracked 
| 190|0x000000070e600000, 0x000000070e600000, 0x000000070e700000|  0%| F|  |TAMS 0x000000070e600000, 0x000000070e600000| Untracked 
| 191|0x000000070e700000, 0x000000070e700000, 0x000000070e800000|  0%| F|  |TAMS 0x000000070e700000, 0x000000070e700000| Untracked 
| 192|0x000000070e800000, 0x000000070e800000, 0x000000070e900000|  0%| F|  |TAMS 0x000000070e800000, 0x000000070e800000| Untracked 
| 193|0x000000070e900000, 0x000000070e900000, 0x000000070ea00000|  0%| F|  |TAMS 0x000000070e900000, 0x000000070e900000| Untracked 
| 194|0x000000070ea00000, 0x000000070ea00000, 0x000000070eb00000|  0%| F|  |TAMS 0x000000070ea00000, 0x000000070ea00000| Untracked 
| 195|0x000000070eb00000, 0x000000070eb00000, 0x000000070ec00000|  0%| F|  |TAMS 0x000000070eb00000, 0x000000070eb00000| Untracked 
| 196|0x000000070ec00000, 0x000000070ec00000, 0x000000070ed00000|  0%| F|  |TAMS 0x000000070ec00000, 0x000000070ec00000| Untracked 
| 197|0x000000070ed00000, 0x000000070ed00000, 0x000000070ee00000|  0%| F|  |TAMS 0x000000070ed00000, 0x000000070ed00000| Untracked 
| 198|0x000000070ee00000, 0x000000070ee00000, 0x000000070ef00000|  0%| F|  |TAMS 0x000000070ee00000, 0x000000070ee00000| Untracked 
| 199|0x000000070ef00000, 0x000000070ef00000, 0x000000070f000000|  0%| F|  |TAMS 0x000000070ef00000, 0x000000070ef00000| Untracked 
| 200|0x000000070f000000, 0x000000070f000000, 0x000000070f100000|  0%| F|  |TAMS 0x000000070f000000, 0x000000070f000000| Untracked 
| 201|0x000000070f100000, 0x000000070f100000, 0x000000070f200000|  0%| F|  |TAMS 0x000000070f100000, 0x000000070f100000| Untracked 
| 202|0x000000070f200000, 0x000000070f200000, 0x000000070f300000|  0%| F|  |TAMS 0x000000070f200000, 0x000000070f200000| Untracked 
| 203|0x000000070f300000, 0x000000070f300000, 0x000000070f400000|  0%| F|  |TAMS 0x000000070f300000, 0x000000070f300000| Untracked 
| 204|0x000000070f400000, 0x000000070f400000, 0x000000070f500000|  0%| F|  |TAMS 0x000000070f400000, 0x000000070f400000| Untracked 
| 205|0x000000070f500000, 0x000000070f500000, 0x000000070f600000|  0%| F|  |TAMS 0x000000070f500000, 0x000000070f500000| Untracked 
| 206|0x000000070f600000, 0x000000070f600000, 0x000000070f700000|  0%| F|  |TAMS 0x000000070f600000, 0x000000070f600000| Untracked 
| 207|0x000000070f700000, 0x000000070f700000, 0x000000070f800000|  0%| F|  |TAMS 0x000000070f700000, 0x000000070f700000| Untracked 
| 208|0x000000070f800000, 0x000000070f800000, 0x000000070f900000|  0%| F|  |TAMS 0x000000070f800000, 0x000000070f800000| Untracked 
| 209|0x000000070f900000, 0x000000070f900000, 0x000000070fa00000|  0%| F|  |TAMS 0x000000070f900000, 0x000000070f900000| Untracked 
| 210|0x000000070fa00000, 0x000000070fa00000, 0x000000070fb00000|  0%| F|  |TAMS 0x000000070fa00000, 0x000000070fa00000| Untracked 
| 211|0x000000070fb00000, 0x000000070fb00000, 0x000000070fc00000|  0%| F|  |TAMS 0x000000070fb00000, 0x000000070fb00000| Untracked 
| 212|0x000000070fc00000, 0x000000070fc00000, 0x000000070fd00000|  0%| F|  |TAMS 0x000000070fc00000, 0x000000070fc00000| Untracked 
| 213|0x000000070fd00000, 0x000000070fd00000, 0x000000070fe00000|  0%| F|  |TAMS 0x000000070fd00000, 0x000000070fd00000| Untracked 
| 214|0x000000070fe00000, 0x000000070fe00000, 0x000000070ff00000|  0%| F|  |TAMS 0x000000070fe00000, 0x000000070fe00000| Untracked 
| 215|0x000000070ff00000, 0x000000070ff00000, 0x0000000710000000|  0%| F|  |TAMS 0x000000070ff00000, 0x000000070ff00000| Untracked 
| 216|0x0000000710000000, 0x0000000710000000, 0x0000000710100000|  0%| F|  |TAMS 0x0000000710000000, 0x0000000710000000| Untracked 
| 217|0x0000000710100000, 0x0000000710100000, 0x0000000710200000|  0%| F|  |TAMS 0x0000000710100000, 0x0000000710100000| Untracked 
| 218|0x0000000710200000, 0x0000000710200000, 0x0000000710300000|  0%| F|  |TAMS 0x0000000710200000, 0x0000000710200000| Untracked 
| 219|0x0000000710300000, 0x0000000710300000, 0x0000000710400000|  0%| F|  |TAMS 0x0000000710300000, 0x0000000710300000| Untracked 
| 220|0x0000000710400000, 0x0000000710400000, 0x0000000710500000|  0%| F|  |TAMS 0x0000000710400000, 0x0000000710400000| Untracked 
| 221|0x0000000710500000, 0x0000000710500000, 0x0000000710600000|  0%| F|  |TAMS 0x0000000710500000, 0x0000000710500000| Untracked 
| 222|0x0000000710600000, 0x0000000710600000, 0x0000000710700000|  0%| F|  |TAMS 0x0000000710600000, 0x0000000710600000| Untracked 
| 223|0x0000000710700000, 0x0000000710700000, 0x0000000710800000|  0%| F|  |TAMS 0x0000000710700000, 0x0000000710700000| Untracked 
| 224|0x0000000710800000, 0x0000000710800000, 0x0000000710900000|  0%| F|  |TAMS 0x0000000710800000, 0x0000000710800000| Untracked 
| 225|0x0000000710900000, 0x0000000710900000, 0x0000000710a00000|  0%| F|  |TAMS 0x0000000710900000, 0x0000000710900000| Untracked 
| 226|0x0000000710a00000, 0x0000000710a00000, 0x0000000710b00000|  0%| F|  |TAMS 0x0000000710a00000, 0x0000000710a00000| Untracked 
| 227|0x0000000710b00000, 0x0000000710b00000, 0x0000000710c00000|  0%| F|  |TAMS 0x0000000710b00000, 0x0000000710b00000| Untracked 
| 228|0x0000000710c00000, 0x0000000710c00000, 0x0000000710d00000|  0%| F|  |TAMS 0x0000000710c00000, 0x0000000710c00000| Untracked 
| 229|0x0000000710d00000, 0x0000000710d00000, 0x0000000710e00000|  0%| F|  |TAMS 0x0000000710d00000, 0x0000000710d00000| Untracked 
| 230|0x0000000710e00000, 0x0000000710e00000, 0x0000000710f00000|  0%| F|  |TAMS 0x0000000710e00000, 0x0000000710e00000| Untracked 
| 231|0x0000000710f00000, 0x0000000710f00000, 0x0000000711000000|  0%| F|  |TAMS 0x0000000710f00000, 0x0000000710f00000| Untracked 
| 232|0x0000000711000000, 0x0000000711000000, 0x0000000711100000|  0%| F|  |TAMS 0x0000000711000000, 0x0000000711000000| Untracked 
| 233|0x0000000711100000, 0x0000000711100000, 0x0000000711200000|  0%| F|  |TAMS 0x0000000711100000, 0x0000000711100000| Untracked 
| 234|0x0000000711200000, 0x0000000711200000, 0x0000000711300000|  0%| F|  |TAMS 0x0000000711200000, 0x0000000711200000| Untracked 
| 235|0x0000000711300000, 0x0000000711300000, 0x0000000711400000|  0%| F|  |TAMS 0x0000000711300000, 0x0000000711300000| Untracked 
| 236|0x0000000711400000, 0x0000000711500000, 0x0000000711500000|100%| E|  |TAMS 0x0000000711400000, 0x0000000711400000| Complete 
| 237|0x0000000711500000, 0x0000000711600000, 0x0000000711600000|100%| E|CS|TAMS 0x0000000711500000, 0x0000000711500000| Complete 
| 238|0x0000000711600000, 0x0000000711700000, 0x0000000711700000|100%| E|CS|TAMS 0x0000000711600000, 0x0000000711600000| Complete 
| 239|0x0000000711700000, 0x0000000711800000, 0x0000000711800000|100%| E|CS|TAMS 0x0000000711700000, 0x0000000711700000| Complete 
| 240|0x0000000711800000, 0x0000000711900000, 0x0000000711900000|100%| E|CS|TAMS 0x0000000711800000, 0x0000000711800000| Complete 
| 241|0x0000000711900000, 0x0000000711a00000, 0x0000000711a00000|100%| E|  |TAMS 0x0000000711900000, 0x0000000711900000| Complete 
| 242|0x0000000711a00000, 0x0000000711b00000, 0x0000000711b00000|100%| E|CS|TAMS 0x0000000711a00000, 0x0000000711a00000| Complete 
| 243|0x0000000711b00000, 0x0000000711c00000, 0x0000000711c00000|100%| E|CS|TAMS 0x0000000711b00000, 0x0000000711b00000| Complete 
| 244|0x0000000711c00000, 0x0000000711d00000, 0x0000000711d00000|100%| E|CS|TAMS 0x0000000711c00000, 0x0000000711c00000| Complete 
| 245|0x0000000711d00000, 0x0000000711e00000, 0x0000000711e00000|100%| E|CS|TAMS 0x0000000711d00000, 0x0000000711d00000| Complete 
| 246|0x0000000711e00000, 0x0000000711f00000, 0x0000000711f00000|100%| E|CS|TAMS 0x0000000711e00000, 0x0000000711e00000| Complete 
| 247|0x0000000711f00000, 0x0000000712000000, 0x0000000712000000|100%| E|CS|TAMS 0x0000000711f00000, 0x0000000711f00000| Complete 
| 248|0x0000000712000000, 0x0000000712100000, 0x0000000712100000|100%| E|CS|TAMS 0x0000000712000000, 0x0000000712000000| Complete 
| 249|0x0000000712100000, 0x0000000712200000, 0x0000000712200000|100%| E|CS|TAMS 0x0000000712100000, 0x0000000712100000| Complete 
| 250|0x0000000712200000, 0x0000000712300000, 0x0000000712300000|100%| E|CS|TAMS 0x0000000712200000, 0x0000000712200000| Complete 
| 251|0x0000000712300000, 0x0000000712400000, 0x0000000712400000|100%| E|CS|TAMS 0x0000000712300000, 0x0000000712300000| Complete 
| 252|0x0000000712400000, 0x0000000712500000, 0x0000000712500000|100%| E|CS|TAMS 0x0000000712400000, 0x0000000712400000| Complete 
| 253|0x0000000712500000, 0x0000000712600000, 0x0000000712600000|100%| E|CS|TAMS 0x0000000712500000, 0x0000000712500000| Complete 

Card table byte_map: [0x00000261f62c0000,0x00000261f6ab0000] _byte_map_base: 0x00000261f2aac000

Marking Bits (Prev, Next): (CMBitMap*) 0x00000261e21af2e8, (CMBitMap*) 0x00000261e21af320
 Prev Bits: [0x00000261f72a0000, 0x00000261fb200000)
 Next Bits: [0x00000261fb200000, 0x00000261ff160000)

Polling page: 0x00000261e0830000

Metaspace:

Usage:
  Non-class:     10.63 MB capacity,    10.40 MB ( 98%) used,   195.98 KB (  2%) free+waste,    44.56 KB ( <1%) overhead. 
      Class:      1.72 MB capacity,     1.51 MB ( 88%) used,   189.72 KB ( 11%) free+waste,    25.38 KB (  1%) overhead. 
       Both:     12.35 MB capacity,    11.90 MB ( 96%) used,   385.70 KB (  3%) free+waste,    69.94 KB ( <1%) overhead. 

Virtual space:
  Non-class space:       12.00 MB reserved,      10.75 MB ( 90%) committed 
      Class space:        1.00 GB reserved,       1.75 MB ( <1%) committed 
             Both:        1.01 GB reserved,      12.50 MB (  1%) committed 

Chunk freelists:
   Non-Class:  58.00 KB
       Class:  1.00 KB
        Both:  59.00 KB

CodeHeap 'non-profiled nmethods': size=120000Kb used=525Kb max_used=525Kb free=119475Kb
 bounds [0x00000261edb40000, 0x00000261eddb0000, 0x00000261f5070000]
CodeHeap 'profiled nmethods': size=120000Kb used=2786Kb max_used=2786Kb free=117213Kb
 bounds [0x00000261e6610000, 0x00000261e68d0000, 0x00000261edb40000]
CodeHeap 'non-nmethods': size=5760Kb used=1239Kb max_used=1252Kb free=4520Kb
 bounds [0x00000261e6070000, 0x00000261e62e0000, 0x00000261e6610000]
 total_blobs=2426 nmethods=1576 adapters=522
 compilation: enabled
              stopped_count=0, restarted_count=0
 full_count=0

Compilation events (10 events):
Event: 5.793 Thread 0x00000261ffcee800 1561       3       jdk.internal.ref.CleanerImpl$PhantomCleanableRef::<init> (12 bytes)
Event: 5.793 Thread 0x00000261ffcee800 nmethod 1561 0x00000261e68bba90 code [0x00000261e68bbc60, 0x00000261e68bbe90]
Event: 5.794 Thread 0x00000261ffce8000 nmethod 1557 0x00000261edbc2290 code [0x00000261edbc2460, 0x00000261edbc2c18]
Event: 5.802 Thread 0x00000261ffcee800 1562       3       java.util.LinkedList::linkLast (59 bytes)
Event: 5.803 Thread 0x00000261ffcee800 nmethod 1562 0x00000261e68bbf90 code [0x00000261e68bc160, 0x00000261e68bc678]
Event: 5.803 Thread 0x00000261ffcee800 1563       3       java.util.LinkedList::add (7 bytes)
Event: 5.803 Thread 0x00000261ffcee800 nmethod 1563 0x00000261e68bc810 code [0x00000261e68bc9c0, 0x00000261e68bcb90]
Event: 5.803 Thread 0x00000261ffcee800 1564       3       java.util.WeakHashMap::getTable (9 bytes)
Event: 5.803 Thread 0x00000261ffcee800 nmethod 1564 0x00000261e68bcc10 code [0x00000261e68bcdc0, 0x00000261e68bcf90]
Event: 5.804 Thread 0x00000261ffcee800 1569   !   3       java.awt.EventDispatchThread::filterAndCheckEvent (108 bytes)

GC Heap History (0 events):
No events

Deoptimization events (10 events):
Event: 1.551 Thread 0x0000026182d00800 Uncommon trap: trap_request=0xffffffde fr.pc=0x00000261edb9700c relative=0x0000000000000dec
Event: 1.551 Thread 0x0000026182d00800 Uncommon trap: reason=class_check action=maybe_recompile pc=0x00000261edb9700c method=java.util.HashMap.putVal(ILjava/lang/Object;Ljava/lang/Object;ZZ)Ljava/lang/Object; @ 91 c2
Event: 1.551 Thread 0x0000026182d00800 DEOPT PACKING pc=0x00000261edb9700c sp=0x000000986a0fe240
Event: 1.551 Thread 0x0000026182d00800 DEOPT UNPACKING pc=0x00000261e60992af sp=0x000000986a0fe170 mode 2
Event: 1.551 Thread 0x0000026182d00800 Uncommon trap: trap_request=0xffffffde fr.pc=0x00000261edb9700c relative=0x0000000000000dec
Event: 1.551 Thread 0x0000026182d00800 Uncommon trap: reason=class_check action=maybe_recompile pc=0x00000261edb9700c method=java.util.HashMap.putVal(ILjava/lang/Object;Ljava/lang/Object;ZZ)Ljava/lang/Object; @ 91 c2
Event: 1.551 Thread 0x0000026182d00800 DEOPT PACKING pc=0x00000261edb9700c sp=0x000000986a0fe240
Event: 1.551 Thread 0x0000026182d00800 DEOPT UNPACKING pc=0x00000261e60992af sp=0x000000986a0fe170 mode 2
Event: 2.960 Thread 0x000002618300e000 DEOPT PACKING pc=0x00000261e684d5ad sp=0x000000986a1f9be0
Event: 2.960 Thread 0x000002618300e000 DEOPT UNPACKING pc=0x00000261e60990ce sp=0x000000986a1f9080 mode 0

Classes redefined (0 events):
No events

Internal exceptions (10 events):
Event: 0.624 Thread 0x00000261e214c800 Exception <a 'java/io/FileNotFoundException'{0x0000000711cc8f80}> (0x0000000711cc8f80) thrown at [c:/BuildAgent/work/5ff2f6c26000d570/src/hotspot/share/prims/jni.cpp, line 615]
Event: 0.624 Thread 0x00000261e214c800 Exception <a 'java/lang/NullPointerException'{0x0000000711cc9868}> (0x0000000711cc9868) thrown at [c:/BuildAgent/work/5ff2f6c26000d570/src/hotspot/share/interpreter/linkResolver.cpp, line 1358]
Event: 0.658 Thread 0x00000261e214c800 Exception <a 'java/lang/NoSuchMethodError'{0x0000000711bab520}: 'java.lang.Object java.lang.invoke.DirectMethodHandle$Holder.invokeStatic(java.lang.Object, java.lang.Object, java.lang.Object, java.lang.Object, java.lang.Object, java.lang.Object, java.lang
Event: 0.661 Thread 0x00000261e214c800 Exception <a 'java/lang/NoSuchMethodError'{0x0000000711bc96c8}: 'java.lang.Object java.lang.invoke.DirectMethodHandle$Holder.invokeStatic(java.lang.Object, java.lang.Object, java.lang.Object, java.lang.Object, java.lang.Object, java.lang.Object, java.lang
Event: 0.663 Thread 0x00000261e214c800 Exception <a 'java/lang/NoSuchMethodError'{0x0000000711be8700}: 'java.lang.Object java.lang.invoke.DirectMethodHandle$Holder.invokeStatic(java.lang.Object, java.lang.Object, java.lang.Object, java.lang.Object, java.lang.Object, java.lang.Object, java.lang
Event: 0.666 Thread 0x00000261e214c800 Exception <a 'java/lang/NoSuchMethodError'{0x0000000711a12818}: 'java.lang.Object java.lang.invoke.DirectMethodHandle$Holder.invokeStatic(java.lang.Object, java.lang.Object, java.lang.Object, java.lang.Object, java.lang.Object, java.lang.Object, java.lang
Event: 1.572 Thread 0x00000261e214c800 Exception <a 'java/lang/NoSuchMethodError'{0x0000000711605be8}: 'void java.lang.invoke.DirectMethodHandle$Holder.invokeStaticInit(java.lang.Object)'> (0x0000000711605be8) thrown at [c:/BuildAgent/work/5ff2f6c26000d570/src/hotspot/share/interpreter/linkRes
Event: 1.581 Thread 0x00000261e214c800 Exception <a 'java/lang/NoSuchMethodError'{0x00000007116541e0}: 'java.lang.Object java.lang.invoke.Invokers$Holder.linkToTargetMethod(java.lang.Object, int, java.lang.Object)'> (0x00000007116541e0) thrown at [c:/BuildAgent/work/5ff2f6c26000d570/src/hotspo
Event: 5.775 Thread 0x000002618300e000 Exception <a 'java/io/FileNotFoundException'{0x0000000711491ec0}> (0x0000000711491ec0) thrown at [c:/BuildAgent/work/5ff2f6c26000d570/src/hotspot/share/prims/jni.cpp, line 615]
Event: 5.778 Thread 0x000002618300e000 Exception <a 'java/io/FileNotFoundException'{0x00000007114a39e0}> (0x00000007114a39e0) thrown at [c:/BuildAgent/work/5ff2f6c26000d570/src/hotspot/share/prims/jni.cpp, line 615]

Events (10 events):
Event: 5.786 loading class java/lang/IndexOutOfBoundsException done
Event: 5.792 loading class gnu/io/RXTXPort$MonitorThread
Event: 5.792 loading class gnu/io/RXTXPort$MonitorThread done
Event: 5.793 Thread 0x0000026182dc2000 Thread added: 0x0000026182dc2000
Event: 5.803 Executing VM operation: BulkRevokeBias
Event: 5.804 Executing VM operation: BulkRevokeBias done
Event: 5.804 loading class gnu/io/SerialPortEvent
Event: 5.804 loading class gnu/io/SerialPortEvent done
Event: 5.804 Executing VM operation: RevokeBias
Event: 5.804 Executing VM operation: RevokeBias done


Dynamic libraries:
0x00007ff70efa0000 - 0x00007ff70efe7000 	C:\Program Files\JetBrains\IntelliJ IDEA Community Edition 2019.2.3\jbr\bin\java.exe
0x00007ff91ce10000 - 0x00007ff91cffd000 	C:\WINDOWS\SYSTEM32\ntdll.dll
0x00007ff91c8d0000 - 0x00007ff91c983000 	C:\WINDOWS\System32\KERNEL32.DLL
0x00007ff9190c0000 - 0x00007ff919353000 	C:\WINDOWS\System32\KERNELBASE.dll
0x00007ff91a320000 - 0x00007ff91a4b7000 	C:\WINDOWS\System32\USER32.dll
0x00007ff91a010000 - 0x00007ff91a030000 	C:\WINDOWS\System32\win32u.dll
0x00007ff91cc40000 - 0x00007ff91cc69000 	C:\WINDOWS\System32\GDI32.dll
0x00007ff919b90000 - 0x00007ff919d29000 	C:\WINDOWS\System32\gdi32full.dll
0x00007ff919020000 - 0x00007ff9190c0000 	C:\WINDOWS\System32\msvcp_win.dll
0x00007ff919d30000 - 0x00007ff919e2a000 	C:\WINDOWS\System32\ucrtbase.dll
0x00007ff906600000 - 0x00007ff906879000 	C:\WINDOWS\WinSxS\amd64_microsoft.windows.common-controls_6595b64144ccf1df_6.0.17763.771_none_05b041300723be85\COMCTL32.dll
0x00007ff91c7b0000 - 0x00007ff91c84e000 	C:\WINDOWS\System32\msvcrt.dll
0x00007ff91bed0000 - 0x00007ff91c1fc000 	C:\WINDOWS\System32\combase.dll
0x00007ff91ca60000 - 0x00007ff91cb82000 	C:\WINDOWS\System32\RPCRT4.dll
0x00007ff919b10000 - 0x00007ff919b8e000 	C:\WINDOWS\System32\bcryptPrimitives.dll
0x00007ff91a820000 - 0x00007ff91a84e000 	C:\WINDOWS\System32\IMM32.DLL
0x00007ff90fde0000 - 0x00007ff90fdf7000 	C:\Program Files\JetBrains\IntelliJ IDEA Community Edition 2019.2.3\jbr\bin\vcruntime140.dll
0x00007ff8d6f60000 - 0x00007ff8d6ffd000 	C:\Program Files\JetBrains\IntelliJ IDEA Community Edition 2019.2.3\jbr\bin\msvcp140.dll
0x00007ff8b0d00000 - 0x00007ff8b17b8000 	C:\Program Files\JetBrains\IntelliJ IDEA Community Edition 2019.2.3\jbr\bin\server\jvm.dll
0x00007ff91a030000 - 0x00007ff91a0d3000 	C:\WINDOWS\System32\ADVAPI32.dll
0x00007ff91a850000 - 0x00007ff91a8ee000 	C:\WINDOWS\System32\sechost.dll
0x00007ff91a140000 - 0x00007ff91a148000 	C:\WINDOWS\System32\PSAPI.DLL
0x00007ff90ff30000 - 0x00007ff90ff3a000 	C:\WINDOWS\SYSTEM32\VERSION.dll
0x00007ff90ba30000 - 0x00007ff90ba39000 	C:\WINDOWS\SYSTEM32\WSOCK32.dll
0x00007ff91a8f0000 - 0x00007ff91a95d000 	C:\WINDOWS\System32\WS2_32.dll
0x00007ff90ff40000 - 0x00007ff90ff64000 	C:\WINDOWS\SYSTEM32\WINMM.dll
0x00007ff90ff00000 - 0x00007ff90ff2d000 	C:\WINDOWS\SYSTEM32\WINMMBASE.dll
0x00007ff918fd0000 - 0x00007ff91901a000 	C:\WINDOWS\System32\cfgmgr32.dll
0x00007ff918e00000 - 0x00007ff918e11000 	C:\WINDOWS\System32\kernel.appcore.dll
0x00007ff8fb8b0000 - 0x00007ff8fb8c1000 	C:\Program Files\JetBrains\IntelliJ IDEA Community Edition 2019.2.3\jbr\bin\verify.dll
0x00007ff917780000 - 0x00007ff91796d000 	C:\WINDOWS\SYSTEM32\DBGHELP.DLL
0x00007ff912bc0000 - 0x00007ff912bea000 	C:\WINDOWS\SYSTEM32\dbgcore.DLL
0x00007ff8fb830000 - 0x00007ff8fb859000 	C:\Program Files\JetBrains\IntelliJ IDEA Community Edition 2019.2.3\jbr\bin\java.dll
0x00007ff8f0ad0000 - 0x00007ff8f0b04000 	C:\Program Files\JetBrains\IntelliJ IDEA Community Edition 2019.2.3\jbr\bin\instrument.dll
0x00007ff8f7c20000 - 0x00007ff8f7c37000 	C:\Program Files\JetBrains\IntelliJ IDEA Community Edition 2019.2.3\jbr\bin\zip.dll
0x00007ff914250000 - 0x00007ff91425b000 	C:\Program Files\JetBrains\IntelliJ IDEA Community Edition 2019.2.3\jbr\bin\jimage.dll
0x00007ff91a960000 - 0x00007ff91be54000 	C:\WINDOWS\System32\SHELL32.dll
0x00007ff91cb90000 - 0x00007ff91cc38000 	C:\WINDOWS\System32\shcore.dll
0x00007ff9193c0000 - 0x00007ff919b0d000 	C:\WINDOWS\System32\windows.storage.dll
0x00007ff918e80000 - 0x00007ff918ea4000 	C:\WINDOWS\System32\profapi.dll
0x00007ff918e20000 - 0x00007ff918e7d000 	C:\WINDOWS\System32\powrprof.dll
0x00007ff91a2c0000 - 0x00007ff91a312000 	C:\WINDOWS\System32\shlwapi.dll
0x00007ff918ed0000 - 0x00007ff918ee7000 	C:\WINDOWS\System32\cryptsp.dll
0x00007ff8f4810000 - 0x00007ff8f482a000 	C:\Program Files\JetBrains\IntelliJ IDEA Community Edition 2019.2.3\jbr\bin\net.dll
0x00007ff9169a0000 - 0x00007ff916a92000 	C:\WINDOWS\SYSTEM32\WINHTTP.dll
0x00007ff9105d0000 - 0x00007ff9107a7000 	C:\WINDOWS\SYSTEM32\urlmon.dll
0x00007ff908f60000 - 0x00007ff909208000 	C:\WINDOWS\SYSTEM32\iertutil.dll
0x00007ff9187e0000 - 0x00007ff9187ec000 	C:\WINDOWS\SYSTEM32\CRYPTBASE.DLL
0x00007ff918610000 - 0x00007ff918677000 	C:\WINDOWS\system32\mswsock.dll
0x00007ff8f1710000 - 0x00007ff8f1724000 	C:\Program Files\JetBrains\IntelliJ IDEA Community Edition 2019.2.3\jbr\bin\nio.dll
0x00007ff8e0160000 - 0x00007ff8e017a000 	C:\Program Files\JetBrains\IntelliJ IDEA Community Edition 2019.2.3\bin\breakgen64.dll
0x00007ff8b1d30000 - 0x00007ff8b1ed1000 	C:\Program Files\JetBrains\IntelliJ IDEA Community Edition 2019.2.3\jbr\bin\awt.dll
0x00007ff91c990000 - 0x00007ff91ca54000 	C:\WINDOWS\System32\OLEAUT32.dll
0x00007ff917350000 - 0x00007ff91737e000 	C:\WINDOWS\SYSTEM32\dwmapi.dll
0x00007ff919e30000 - 0x00007ff91a00b000 	C:\WINDOWS\System32\CRYPT32.dll
0x00007ff915ca0000 - 0x00007ff91625e000 	C:\WINDOWS\SYSTEM32\d2d1.dll
0x00007ff918eb0000 - 0x00007ff918ec2000 	C:\WINDOWS\System32\MSASN1.dll
0x00007ff916d20000 - 0x00007ff916dac000 	C:\WINDOWS\SYSTEM32\apphelp.dll
0x00007ff916fe0000 - 0x00007ff91707c000 	C:\WINDOWS\system32\uxtheme.dll
0x00007ff8f90f0000 - 0x00007ff8f9217000 	C:\WINDOWS\system32\opengl32.dll
0x00007ff911400000 - 0x00007ff91142c000 	C:\WINDOWS\SYSTEM32\GLU32.dll
0x00007ff91cc70000 - 0x00007ff91cddb000 	C:\WINDOWS\System32\MSCTF.dll
0x00007ff8f73b0000 - 0x00007ff8f73e8000 	C:\WINDOWS\system32\IMGSF50Filter_x64.dll
0x00007ff91a160000 - 0x00007ff91a2b5000 	C:\WINDOWS\System32\ole32.dll
0x000000006dc50000 - 0x000000006dd23000 	C:\WINDOWS\WinSxS\amd64_microsoft.vc90.crt_1fc8b3b9a1e18e3b_9.0.30729.9518_none_08e07c8fa840efbe\MSVCP90.dll
0x000000006dd80000 - 0x000000006de23000 	C:\WINDOWS\WinSxS\amd64_microsoft.vc90.crt_1fc8b3b9a1e18e3b_9.0.30729.9518_none_08e07c8fa840efbe\MSVCR90.dll
0x0000000180000000 - 0x0000000180025000 	C:\Users\SungHyeon\Desktop\ArduinoImageCapture-master\lib\rxtx-2.2pre2-bins\win64\rxtxSerial.dll
0x00007ff8dbef0000 - 0x00007ff8dbf72000 	C:\Program Files\JetBrains\IntelliJ IDEA Community Edition 2019.2.3\jbr\bin\freetype.dll
0x00007ff8d8560000 - 0x00007ff8d8608000 	C:\Program Files\JetBrains\IntelliJ IDEA Community Edition 2019.2.3\jbr\bin\fontmanager.dll
0x00007ff8f9420000 - 0x00007ff8f94c9000 	C:\WINDOWS\WinSxS\amd64_microsoft.windows.common-controls_6595b64144ccf1df_5.82.17763.771_none_10e63ddc642c89c4\comctl32.dll
0x00007ff91a5c0000 - 0x00007ff91a662000 	C:\WINDOWS\System32\clbcatq.dll
0x00007ff915290000 - 0x00007ff915439000 	C:\WINDOWS\SYSTEM32\PROPSYS.dll
0x00007ff8c7000000 - 0x00007ff8c7127000 	C:\WINDOWS\system32\NetworkExplorer.dll
0x00007ff914ef0000 - 0x00007ff914f0b000 	C:\WINDOWS\SYSTEM32\MPR.dll
0x00007ff914c40000 - 0x00007ff914c4b000 	C:\WINDOWS\System32\drprov.dll
0x00007ff9188e0000 - 0x00007ff918938000 	C:\WINDOWS\System32\WINSTA.dll
0x00007ff914c20000 - 0x00007ff914c35000 	C:\WINDOWS\System32\ntlanman.dll
0x00007ff912ed0000 - 0x00007ff912eed000 	C:\WINDOWS\System32\davclnt.dll
0x00007ff9135a0000 - 0x00007ff9135ac000 	C:\WINDOWS\System32\DAVHLPR.dll
0x00007ff913460000 - 0x00007ff913477000 	C:\WINDOWS\System32\wkscli.dll
0x00007ff918fa0000 - 0x00007ff918fc6000 	C:\WINDOWS\System32\bcrypt.dll
0x00007ff900320000 - 0x00007ff900332000 	C:\WINDOWS\SYSTEM32\cscapi.dll
0x00007ff918440000 - 0x00007ff91844e000 	C:\WINDOWS\System32\netutils.dll
0x00007ff8e4d40000 - 0x00007ff8e4d8b000 	C:\Windows\System32\dlnashext.dll
0x00007ff8dbe70000 - 0x00007ff8dbed4000 	C:\Windows\System32\PlayToDevice.dll
0x00007ff90d8e0000 - 0x00007ff90d900000 	C:\Windows\System32\DevDispItemProvider.dll
0x00007ff911700000 - 0x00007ff911770000 	C:\WINDOWS\System32\MMDevApi.dll
0x00007ff918c10000 - 0x00007ff918c39000 	C:\WINDOWS\System32\DEVOBJ.dll
0x00007ff8b1ee0000 - 0x00007ff8b20c0000 	C:\WINDOWS\system32\wpdshext.dll
0x00007ff90d900000 - 0x00007ff90daa5000 	C:\WINDOWS\WinSxS\amd64_microsoft.windows.gdiplus_6595b64144ccf1df_1.1.17763.771_none_369b341561b63853\gdiplus.dll
0x00007ff905050000 - 0x00007ff90578c000 	C:\Windows\System32\OneCoreUAPCommonProxyStub.dll
0x00007ff8f7470000 - 0x00007ff8f750f000 	C:\Windows\System32\PortableDeviceApi.dll
0x00007ff91c200000 - 0x00007ff91c676000 	C:\WINDOWS\System32\SETUPAPI.dll
0x00007ff919360000 - 0x00007ff9193b9000 	C:\WINDOWS\System32\WINTRUST.dll
0x00007ff8f7ff0000 - 0x00007ff8f8027000 	C:\Windows\System32\EhStorShell.dll
0x00007ff8dbe40000 - 0x00007ff8dbe65000 	C:\Windows\System32\EhStorAPI.dll
0x00007ff917970000 - 0x00007ff917983000 	C:\Windows\System32\WTSAPI32.dll
0x00007ff911450000 - 0x00007ff91145d000 	C:\WINDOWS\SYSTEM32\LINKINFO.dll
0x00007ff9135c0000 - 0x00007ff913655000 	C:\WINDOWS\System32\TextInputFramework.dll
0x00007ff916790000 - 0x00007ff916872000 	C:\WINDOWS\System32\CoreMessaging.dll
0x00007ff8fec10000 - 0x00007ff8fef32000 	C:\WINDOWS\System32\CoreUIComponents.dll
0x00007ff917e50000 - 0x00007ff917e81000 	C:\WINDOWS\SYSTEM32\ntmarta.dll
0x00007ff914a30000 - 0x00007ff914b83000 	C:\WINDOWS\SYSTEM32\wintypes.dll
0x00007ff8e48f0000 - 0x00007ff8e49bf000 	C:\Windows\System32\IME\IMEKR\imkrtip.dll
0x00007ff8e47b0000 - 0x00007ff8e48e8000 	C:\Windows\System32\IME\shared\imetip.dll
0x00007ff90dab0000 - 0x00007ff90db1c000 	C:\WINDOWS\SYSTEM32\OLEACC.dll
0x00007ff8e2360000 - 0x00007ff8e2515000 	C:\WINDOWS\SYSTEM32\DUI70.dll
0x00007ff8fe6e0000 - 0x00007ff8fe71e000 	C:\Windows\System32\IME\IMEKR\imkrapi.dll
0x00007ff8ee010000 - 0x00007ff8ee04f000 	C:\Windows\System32\IME\shared\imjkapi.dll

dbghelp: loaded successfully - version: 4.0.5 - missing functions: none
symbol engine: initialized successfully - sym options: 0x614 - pdb path: .;C:\Program Files\JetBrains\IntelliJ IDEA Community Edition 2019.2.3\jbr\bin;C:\WINDOWS\SYSTEM32;C:\WINDOWS\WinSxS\amd64_microsoft.windows.common-controls_6595b64144ccf1df_6.0.17763.771_none_05b041300723be85;C:\Program Files\JetBrains\IntelliJ IDEA Community Edition 2019.2.3\jbr\bin\server;C:\Program Files\JetBrains\IntelliJ IDEA Community Edition 2019.2.3\bin;C:\WINDOWS\WinSxS\amd64_microsoft.vc90.crt_1fc8b3b9a1e18e3b_9.0.30729.9518_none_08e07c8fa840efbe;C:\Users\SungHyeon\Desktop\ArduinoImageCapture-master\lib\rxtx-2.2pre2-bins\win64;C:\WINDOWS\WinSxS\amd64_microsoft.windows.common-controls_6595b64144ccf1df_5.82.17763.771_none_10e63ddc642c89c4;C:\WINDOWS\WinSxS\amd64_microsoft.windows.gdiplus_6595b64144ccf1df_1.1.17763.771_none_369b341561b63853;C:\Windows\System32\IME\IMEKR;C:\Windows\System32\IME\shared

VM Arguments:
jvm_args: -Djava.library.path=lib\rxtx-2.2pre2-bins\win64 -javaagent:C:\Program Files\JetBrains\IntelliJ IDEA Community Edition 2019.2.3\lib\idea_rt.jar=55617:C:\Program Files\JetBrains\IntelliJ IDEA Community Edition 2019.2.3\bin -Dfile.encoding=UTF-8 
java_command: MainWindow
java_class_path (initial): C:\Users\SungHyeon\Desktop\ArduinoImageCapture-master\out\production\ArduinoImageCapture-master;C:\Users\SungHyeon\Desktop\ArduinoImageCapture-master\lib\rxtx-2.2pre2-bins\RXTXcomm.jar
Launcher Type: SUN_STANDARD

[Global flags]
     intx CICompilerCount                          = 4                                         {product} {ergonomic}
     uint ConcGCThreads                            = 2                                         {product} {ergonomic}
     uint G1ConcRefinementThreads                  = 8                                         {product} {ergonomic}
   size_t G1HeapRegionSize                         = 1048576                                   {product} {ergonomic}
    uintx GCDrainStackTargetSize                   = 64                                        {product} {ergonomic}
   size_t InitialHeapSize                          = 266338304                                 {product} {ergonomic}
   size_t MarkStackSize                            = 4194304                                   {product} {ergonomic}
   size_t MaxHeapSize                              = 4253024256                                {product} {ergonomic}
   size_t MaxNewSize                               = 2551185408                                {product} {ergonomic}
   size_t MinHeapDeltaBytes                        = 1048576                                   {product} {ergonomic}
    uintx NonNMethodCodeHeapSize                   = 5835340                                {pd product} {ergonomic}
    uintx NonProfiledCodeHeapSize                  = 122911450                              {pd product} {ergonomic}
    uintx ProfiledCodeHeapSize                     = 122911450                              {pd product} {ergonomic}
    uintx ReservedCodeCacheSize                    = 251658240                              {pd product} {ergonomic}
     bool SegmentedCodeCache                       = true                                      {product} {ergonomic}
     bool UseCompressedClassPointers               = true                                 {lp64_product} {ergonomic}
     bool UseCompressedOops                        = true                                 {lp64_product} {ergonomic}
     bool UseG1GC                                  = true                                      {product} {ergonomic}
     bool UseLargePagesIndividualAllocation        = false                                  {pd product} {ergonomic}

Logging:
Log output configuration:
 #0: stdout all=warning uptime,level,tags
 #1: stderr all=off uptime,level,tags

Environment Variables:
JAVA_HOME=C:\java\jdk8
CLASSPATH=.;
PATH=C:\Python\Python37\;C:\Python\Python37\Scripts\;C:\java\jdk8\bin;C:\Users\SungHyeon\apache-ant-1.9.13\bin;C:\Program Files (x86)\Common Files\Oracle\Java\javapath;C:\Program Files (x86)\Intel\iCLS Client\;C:\Program Files\Intel\iCLS Client\;C:\WINDOWS\system32;C:\WINDOWS;C:\WINDOWS\System32\Wbem;C:\WINDOWS\System32\WindowsPowerShell\v1.0\;C:\WINDOWS\System32\OpenSSH\;C:\Program Files (x86)\Intel\Intel(R) Management Engine Components\DAL;C:\Program Files\Intel\Intel(R) Management Engine Components\DAL;C:\Program Files (x86)\Intel\Intel(R) Management Engine Components\IPT;C:\Program Files\Intel\Intel(R) Management Engine Components\IPT;C:\Program Files\nodejs\;C:\Program Files\Git\cmd;C:\Program Files\Intel\WiFi\bin\;C:\Program Files\Common Files\Intel\WirelessCommon\;C:\Apache24\bin;C:\MySql\bin;D:\MinGW\bin;C:\Python\Python37\Scripts\;C:\Python\Python37\;C:\Users\SungHyeon\Anaconda3;C:\Users\SungHyeon\Anaconda3\Library\mingw-w64\bin;C:\Users\SungHyeon\Anaconda3\Library\usr\bin;C:\Users\SungHyeon\Anaconda3\Library\bin;C:\Users\SungHyeon\Anaconda3\Scripts;C:\Users\SungHyeon\AppData\Local\Microsoft\WindowsApps;C:\Users\SungHyeon\AppData\Local\Programs\Microsoft VS Code\bin;C:\Users\SungHyeon\AppData\Roaming\npm;C:\Program Files\Bandizip\;C:\openvc\;C:\opencv\build\x64\vc15\bin;C:\Program Files\Intel\WiFi\bin\;C:\Program Files\Common Files\Intel\WirelessCommon\;C:\Users\SungHyeon\AppData\Local\Google\Cloud SDK\google-cloud-sdk\bin;C:\Program Files\CMake\bin;C:\Program Files\heroku\bin
USERNAME=SungHyeon
OS=Windows_NT
PROCESSOR_IDENTIFIER=Intel64 Family 6 Model 142 Stepping 10, GenuineIntel



---------------  S Y S T E M  ---------------

OS: Windows 10 , 64 bit Build 17763 (10.0.17763.475)

CPU:total 8 (initial active 8) (4 cores per cpu, 2 threads per core) family 6 model 142 stepping 10, cmov, cx8, fxsr, mmx, sse, sse2, sse3, ssse3, sse4.1, sse4.2, popcnt, avx, avx2, aes, clmul, erms, 3dnowpref, lzcnt, ht, tsc, tscinvbit, bmi1, bmi2, adx, fma

Memory: 4k page, system-wide physical 16217M (6776M free)
TotalPageFile size 32601M (AvailPageFile size 21124M)
current process WorkingSet (physical memory assigned to process): 108M, peak: 113M
current process commit charge ("private bytes"): 366M, peak: 371M

vm_info: OpenJDK 64-Bit Server VM (11.0.4+10-b304.69) for windows-amd64 JRE (11.0.4+10-b304.69), built on Sep  9 2019 11:39:50 by "" with MS VC++ 14.0 (VS2015)

END.
